<?xml version="1.0" encoding="UTF-8"?>
<!-- Generated by org.testng.reporters.JUnitXMLReporter -->
<testsuite hostname="P5-GKZ5T72" name="Test-smoke" tests="18" failures="4" timestamp="14 Jun 2019 06:14:57 GMT" time="0.167" errors="0">
  <testcase name="test1" time="0.012" classname="testngFeatures.DemoAssertEqulas"/>
  <testcase name="test2" time="0.005" classname="testngFeatures.DemoAssertEqulas">
    <failure type="java.lang.AssertionError" message="error msg 1 expected [welcome] but found [hello]">
      <![CDATA[java.lang.AssertionError: error msg 1 expected [welcome] but found [hello]
	at testngFeatures.DemoAssertEqulas.test2(DemoAssertEqulas.java:16)
... Removed 30 stack frames]]>
    </failure>
  </testcase> <!-- test2 -->
  <testcase name="test3" time="0.009" classname="testngFeatures.DemoAssertEqulas"/>
  <testcase name="test4" time="0.002" classname="testngFeatures.DemoAssertEqulas">
    <failure type="java.lang.AssertionError" message="failing this test">
      <![CDATA[java.lang.AssertionError: failing this test
	at testngFeatures.DemoAssertEqulas.test4(DemoAssertEqulas.java:25)
... Removed 26 stack frames]]>
    </failure>
  </testcase> <!-- test4 -->
  <testcase name="test1" time="0.0" classname="testngFeatures.DemoAssertion"/>
  <testcase name="test2" time="0.001" classname="testngFeatures.DemoAssertion">
    <failure type="java.lang.AssertionError" message="error msg 2 expected [true] but found [false]">
      <![CDATA[java.lang.AssertionError: error msg 2 expected [true] but found [false]
	at testngFeatures.DemoAssertion.test2(DemoAssertion.java:18)
... Removed 28 stack frames]]>
    </failure>
  </testcase> <!-- test2 -->
  <testcase name="test3" time="0.002" classname="testngFeatures.DemoAssertion"/>
  <testcase name="login" time="0.003" classname="testngFeatures.DemoDataProvider"/>
  <testcase name="login" time="0.001" classname="testngFeatures.DemoDataProvider"/>
  <testcase name="login" time="0.001" classname="testngFeatures.DemoDataProvider"/>
  <testcase name="f" time="0.006" classname="testngFeatures.DemoExecutionSequence"/>
  <testcase name="demo" time="0.009" classname="testngFeatures.DemoSoftAssertion">
    <failure type="java.lang.AssertionError" message="The following asserts failed:
	expected [12] but found [10],
	expected [hi] but found [hello]">
      <![CDATA[java.lang.AssertionError: The following asserts failed:
	expected [12] but found [10],
	expected [hi] but found [hello]
	at testngFeatures.DemoSoftAssertion.demo(DemoSoftAssertion.java:18)
... Removed 26 stack frames]]>
    </failure>
  </testcase> <!-- demo -->
  <testcase name="openBrowser" time="0.002" classname="testngFeatures.MercuryApp"/>
  <testcase name="OpenURL" time="0.001" classname="testngFeatures.MercuryApp"/>
  <testcase name="login" time="0.001" classname="testngFeatures.MercuryApp"/>
  <testcase name="bookFlight" time="0.001" classname="testngFeatures.MercuryApp"/>
  <testcase name="logout" time="0.003" classname="testngFeatures.MercuryApp"/>
  <testcase name="closeBrowser" time="0.007" classname="testngFeatures.MercuryApp"/>
</testsuite> <!-- Test-smoke -->
